[INFO] Strike the Earth!
[INFO] Got Content-Length: 4168
{"id":1,"params":{"rootUri":"file:///home/luminight/projects/iblang","clientInfo":{"version":"0.11.6+v0.11.6","name":"Neovim"},"processId":43443,"workDoneToken":"1","trace":"off","capabilities":{"window":{"showDocument":{"support":true},"workDoneProgress":true,"showMessage":{"messageActionItem":{"additionalPropertiesSupport":true}}},"general":{"positionEncodings":["utf-8","utf-16","utf-32"]},"textDocument":{"rangeFormatting":{"rangesSupport":true,"dynamicRegistration":true},"formatting":{"dynamicRegistration":true},"foldingRange":{"foldingRange":{"collapsedText":true},"lineFoldingOnly":true,"dynamicRegistration":false,"foldingRangeKind":{"valueSet":["comment","imports","region"]}},"semanticTokens":{"augmentsSyntaxTokens":true,"serverCancelSupport":false,"multilineTokenSupport":false,"overlappingTokenSupport":true,"tokenTypes":["namespace","type","class","enum","interface","struct","typeParameter","parameter","variable","property","enumMember","event","function","method","macro","keyword","modifier","comment","string","number","regexp","operator","decorator"],"dynamicRegistration":false,"formats":["relative"],"tokenModifiers":["declaration","definition","readonly","static","deprecated","abstract","async","modification","documentation","defaultLibrary"],"requests":{"range":false,"full":{"delta":true}}},"diagnostic":{"tagSupport":{"valueSet":[1,2]},"dynamicRegistration":false},"codeLens":{"dynamicRegistration":false,"resolveSupport":{"properties":["command"]}},"definition":{"dynamicRegistration":true,"linkSupport":true},"inlayHint":{"dynamicRegistration":true,"resolveSupport":{"properties":["textEdits","tooltip","location","command"]}},"codeAction":{"dataSupport":true,"codeActionLiteralSupport":{"codeActionKind":{"valueSet":["","quickfix","refactor","refactor.extract","refactor.inline","refactor.rewrite","source","source.organizeImports"]}},"isPreferredSupport":true,"dynamicRegistration":true,"resolveSupport":{"properties":["edit","command"]}},"hover":{"contentFormat":["markdown","plaintext"],"dynamicRegistration":true},"rename":{"dynamicRegistration":true,"prepareSupport":true},"publishDiagnostics":{"dataSupport":true,"tagSupport":{"valueSet":[1,2]},"relatedInformation":true},"declaration":{"linkSupport":true},"synchronization":{"willSaveWaitUntil":true,"willSave":true,"dynamicRegistration":false,"didSave":true},"callHierarchy":{"dynamicRegistration":false},"references":{"dynamicRegistration":false},"implementation":{"linkSupport":true},"documentSymbol":{"hierarchicalDocumentSymbolSupport":true,"dynamicRegistration":false,"symbolKind":{"valueSet":[1,2,3,4,5,6,7,8,9,10,11,12,13,14,15,16,17,18,19,20,21,22,23,24,25,26]}},"typeDefinition":{"linkSupport":true},"documentHighlight":{"dynamicRegistration":false},"signatureHelp":{"dynamicRegistration":false,"signatureInformation":{"parameterInformation":{"labelOffsetSupport":true},"activeParameterSupport":true,"documentationFormat":["markdown","plaintext"]}},"completion":{"contextSupport":true,"completionItemKind":{"valueSet":[1,2,3,4,5,6,7,8,9,10,11,12,13,14,15,16,17,18,19,20,21,22,23,24,25]},"dynamicRegistration":false,"completionItem":{"documentationFormat":["markdown","plaintext"],"tagSupport":{"valueSet":[1]},"deprecatedSupport":true,"preselectSupport":false,"commitCharactersSupport":false,"snippetSupport":true,"resolveSupport":{"properties":["additionalTextEdits","command"]}},"completionList":{"itemDefaults":["editRange","insertTextFormat","insertTextMode","data"]}}},"workspace":{"configuration":true,"inlayHint":{"refreshSupport":true},"didChangeWatchedFiles":{"dynamicRegistration":false,"relativePatternSupport":true},"symbol":{"dynamicRegistration":false,"symbolKind":{"valueSet":[1,2,3,4,5,6,7,8,9,10,11,12,13,14,15,16,17,18,19,20,21,22,23,24,25,26]}},"workspaceEdit":{"resourceOperations":["rename","create","delete"]},"didChangeConfiguration":{"dynamicRegistration":false},"semanticTokens":{"refreshSupport":true},"applyEdit":true,"workspaceFolders":true}},"rootPath":"/home/luminight/projects/iblang","workspaceFolders":[{"name":"/home/luminight/projects/iblang","uri":"file:///home/luminight/projects/iblang"}]},"jsonrpc":"2.0","method":"initialize"}

[INFO] Read request method: "initialize"
[INFO] Handling method "initialize"
[LOG] Sending Response: 
Content-Length: 125

{"id":1,"result":{"capabilities":{"textDocumentSync":1,"hoverProvider":true},"serverInfo":{"name":"ib-lsp","version":"0.1"}}}

[INFO] Got Content-Length: 52
{"params":{},"jsonrpc":"2.0","method":"initialized"}

[INFO] Read request method: "initialized"
[INFO] Handling method "initialized"
[INFO] Got Content-Length: 44
{"id":2,"jsonrpc":"2.0","method":"shutdown"}

[INFO] Read request method: "shutdown"
[INFO] Handling method "shutdown"
[INFO] Got Content-Length: 44
{"id":3,"jsonrpc":"2.0","method":"shutdown"}

[INFO] Read request method: "shutdown"
[INFO] Handling method "shutdown"
[INFO] Losing is fun!
